This file contains any messages produced by compilers while
running configure, to aid debugging if configure makes a mistake.

It was created by configure, which was
generated by GNU Autoconf 2.59.  Invocation command line was

  $ ./configure 

## --------- ##
## Platform. ##
## --------- ##

hostname = snoopdogmatoiMac.local
uname -m = x86_64
uname -r = 12.5.0
uname -s = Darwin
uname -v = Darwin Kernel Version 12.5.0: Sun Sep 29 13:33:47 PDT 2013; root:xnu-2050.48.12~1/RELEASE_X86_64

/usr/bin/uname -p = i386
/bin/uname -X     = unknown

/bin/arch              = unknown
/usr/bin/arch -k       = unknown
/usr/convex/getsysinfo = unknown
hostinfo               = Mach kernel version:
	 Darwin Kernel Version 12.5.0: Sun Sep 29 13:33:47 PDT 2013; root:xnu-2050.48.12~1/RELEASE_X86_64
Kernel configured for up to 4 processors.
4 processors are physically available.
4 processors are logically available.
Processor type: i486 (Intel 80486)
Processors active: 0 1 2 3
Primary memory available: 4.00 gigabytes
Default processor set: 154 tasks, 1093 threads, 4 processors
Load average: 1.05, Mach factor: 2.94
/bin/machine           = unknown
/usr/bin/oslevel       = unknown
/bin/universe          = unknown

PATH: /usr/bin
PATH: /bin
PATH: /usr/sbin
PATH: /sbin
PATH: /usr/local/bin
PATH: /opt/X11/bin
PATH: /opt/iOSOpenDev/bin
PATH: /opt/local/bin
PATH: /opt/local/sbin
PATH: /opt/local/bin
PATH: /opt/local/sbin
PATH: /usr/bin
PATH: /bin
PATH: /usr/sbin
PATH: /sbin
PATH: /usr/local/bin
PATH: /usr/X11/bin
PATH: /usr/local/bin/
PATH: /usr/local/mysql/bin/
PATH: /Developer/usr/bin/
PATH: /Developer/Tools/
PATH: /opt/spring_roo/bin/
PATH: /usr/local/maven/bin/
PATH: /Users/snoopdog/bin
PATH: .


## ----------- ##
## Core tests. ##
## ----------- ##

configure:1337: checking for a BSD-compatible install
configure:1392: result: /usr/bin/install -c
configure:1403: checking whether build environment is sane
configure:1446: result: yes
configure:1470: WARNING: `missing' script is too old or missing
configure:1503: checking for gawk
configure:1532: result: no
configure:1503: checking for mawk
configure:1532: result: no
configure:1503: checking for nawk
configure:1532: result: no
configure:1503: checking for awk
configure:1519: found /usr/bin/awk
configure:1529: result: awk
configure:1539: checking whether make sets $(MAKE)
configure:1559: result: yes
configure:1772: checking for gcc
configure:1788: found /usr/bin/gcc
configure:1798: result: gcc
configure:2042: checking for C compiler version
configure:2045: gcc --version </dev/null >&5
Configured with: --prefix=/Applications/Xcode.app/Contents/Developer/usr --with-gxx-include-dir=/usr/include/c++/4.2.1
Apple LLVM version 5.0 (clang-500.2.76) (based on LLVM 3.3svn)
Target: x86_64-apple-darwin12.5.0
Thread model: posix
configure:2048: $? = 0
configure:2050: gcc -v </dev/null >&5
Configured with: --prefix=/Applications/Xcode.app/Contents/Developer/usr --with-gxx-include-dir=/usr/include/c++/4.2.1
Apple LLVM version 5.0 (clang-500.2.76) (based on LLVM 3.3svn)
Target: x86_64-apple-darwin12.5.0
Thread model: posix
configure:2053: $? = 0
configure:2055: gcc -V </dev/null >&5
clang: error: argument to '-V' is missing (expected 1 value)
clang: error: no input files
configure:2058: $? = 1
configure:2081: checking for C compiler default output file name
configure:2084: gcc    conftest.c  >&5
configure:2087: $? = 0
configure:2133: result: a.out
configure:2138: checking whether the C compiler works
configure:2144: ./a.out
configure:2147: $? = 0
configure:2164: result: yes
configure:2171: checking whether we are cross compiling
configure:2173: result: no
configure:2176: checking for suffix of executables
configure:2178: gcc -o conftest    conftest.c  >&5
configure:2181: $? = 0
configure:2206: result: 
configure:2212: checking for suffix of object files
configure:2233: gcc -c   conftest.c >&5
configure:2236: $? = 0
configure:2258: result: o
configure:2262: checking whether we are using the GNU C compiler
configure:2286: gcc -c   conftest.c >&5
configure:2292: $? = 0
configure:2295: test -z 			 || test ! -s conftest.err
configure:2298: $? = 0
configure:2301: test -s conftest.o
configure:2304: $? = 0
configure:2317: result: yes
configure:2323: checking whether gcc accepts -g
configure:2344: gcc -c -g  conftest.c >&5
configure:2350: $? = 0
configure:2353: test -z 			 || test ! -s conftest.err
configure:2356: $? = 0
configure:2359: test -s conftest.o
configure:2362: $? = 0
configure:2373: result: yes
configure:2390: checking for gcc option to accept ANSI C
configure:2460: gcc  -c -g -O2  conftest.c >&5
configure:2466: $? = 0
configure:2469: test -z 			 || test ! -s conftest.err
configure:2472: $? = 0
configure:2475: test -s conftest.o
configure:2478: $? = 0
configure:2496: result: none needed
configure:2514: gcc -c -g -O2  conftest.c >&5
conftest.c:2:3: error: unknown type name 'choke'
  choke me
  ^
conftest.c:2:11: error: expected ';' after top level declarator
  choke me
          ^
          ;
2 errors generated.
configure:2520: $? = 1
configure: failed program was:
| #ifndef __cplusplus
|   choke me
| #endif
configure:2661: checking for style of include used by make
configure:2689: result: GNU
configure:2717: checking dependency style of gcc
configure:2807: result: gcc3
configure:2837: checking for a BSD-compatible install
configure:2892: result: /usr/bin/install -c
configure:2911: checking how to run the C preprocessor
configure:2946: gcc -E  conftest.c
configure:2952: $? = 0
configure:2984: gcc -E  conftest.c
conftest.c:11:10: fatal error: 'ac_nonexistent.h' file not found
#include <ac_nonexistent.h>
         ^
1 error generated.
configure:2990: $? = 1
configure: failed program was:
| /* confdefs.h.  */
| 
| #define PACKAGE_NAME ""
| #define PACKAGE_TARNAME ""
| #define PACKAGE_VERSION ""
| #define PACKAGE_STRING ""
| #define PACKAGE_BUGREPORT ""
| #define PACKAGE "id3tool"
| #define VERSION "1.2a"
| /* end confdefs.h.  */
| #include <ac_nonexistent.h>
configure:3029: result: gcc -E
configure:3053: gcc -E  conftest.c
configure:3059: $? = 0
configure:3091: gcc -E  conftest.c
conftest.c:11:10: fatal error: 'ac_nonexistent.h' file not found
#include <ac_nonexistent.h>
         ^
1 error generated.
configure:3097: $? = 1
configure: failed program was:
| /* confdefs.h.  */
| 
| #define PACKAGE_NAME ""
| #define PACKAGE_TARNAME ""
| #define PACKAGE_VERSION ""
| #define PACKAGE_STRING ""
| #define PACKAGE_BUGREPORT ""
| #define PACKAGE "id3tool"
| #define VERSION "1.2a"
| /* end confdefs.h.  */
| #include <ac_nonexistent.h>
configure:3141: checking for egrep
configure:3151: result: grep -E
configure:3156: checking for ANSI C header files
configure:3181: gcc -c -g -O2  conftest.c >&5
configure:3187: $? = 0
configure:3190: test -z 			 || test ! -s conftest.err
configure:3193: $? = 0
configure:3196: test -s conftest.o
configure:3199: $? = 0
configure:3288: gcc -o conftest -g -O2   conftest.c  >&5
conftest.c:28:7: warning: implicitly declaring library function 'exit' with type 'void (int) __attribute__((noreturn))'
      exit(2);
      ^
conftest.c:28:7: note: please include the header <stdlib.h> or explicitly provide a declaration for 'exit'
1 warning generated.
configure:3291: $? = 0
configure:3293: ./conftest
configure:3296: $? = 0
configure:3311: result: yes
configure:3335: checking for sys/types.h
configure:3351: gcc -c -g -O2  conftest.c >&5
configure:3357: $? = 0
configure:3360: test -z 			 || test ! -s conftest.err
configure:3363: $? = 0
configure:3366: test -s conftest.o
configure:3369: $? = 0
configure:3380: result: yes
configure:3335: checking for sys/stat.h
configure:3351: gcc -c -g -O2  conftest.c >&5
configure:3357: $? = 0
configure:3360: test -z 			 || test ! -s conftest.err
configure:3363: $? = 0
configure:3366: test -s conftest.o
configure:3369: $? = 0
configure:3380: result: yes
configure:3335: checking for stdlib.h
configure:3351: gcc -c -g -O2  conftest.c >&5
configure:3357: $? = 0
configure:3360: test -z 			 || test ! -s conftest.err
configure:3363: $? = 0
configure:3366: test -s conftest.o
configure:3369: $? = 0
configure:3380: result: yes
configure:3335: checking for string.h
configure:3351: gcc -c -g -O2  conftest.c >&5
configure:3357: $? = 0
configure:3360: test -z 			 || test ! -s conftest.err
configure:3363: $? = 0
configure:3366: test -s conftest.o
configure:3369: $? = 0
configure:3380: result: yes
configure:3335: checking for memory.h
configure:3351: gcc -c -g -O2  conftest.c >&5
configure:3357: $? = 0
configure:3360: test -z 			 || test ! -s conftest.err
configure:3363: $? = 0
configure:3366: test -s conftest.o
configure:3369: $? = 0
configure:3380: result: yes
configure:3335: checking for strings.h
configure:3351: gcc -c -g -O2  conftest.c >&5
configure:3357: $? = 0
configure:3360: test -z 			 || test ! -s conftest.err
configure:3363: $? = 0
configure:3366: test -s conftest.o
configure:3369: $? = 0
configure:3380: result: yes
configure:3335: checking for inttypes.h
configure:3351: gcc -c -g -O2  conftest.c >&5
configure:3357: $? = 0
configure:3360: test -z 			 || test ! -s conftest.err
configure:3363: $? = 0
configure:3366: test -s conftest.o
configure:3369: $? = 0
configure:3380: result: yes
configure:3335: checking for stdint.h
configure:3351: gcc -c -g -O2  conftest.c >&5
configure:3357: $? = 0
configure:3360: test -z 			 || test ! -s conftest.err
configure:3363: $? = 0
configure:3366: test -s conftest.o
configure:3369: $? = 0
configure:3380: result: yes
configure:3335: checking for unistd.h
configure:3351: gcc -c -g -O2  conftest.c >&5
configure:3357: $? = 0
configure:3360: test -z 			 || test ! -s conftest.err
configure:3363: $? = 0
configure:3366: test -s conftest.o
configure:3369: $? = 0
configure:3380: result: yes
configure:3397: checking for unistd.h
configure:3402: result: yes
configure:3547: checking for strdup
configure:3604: gcc -o conftest -g -O2   conftest.c  >&5
conftest.c:46:6: warning: incompatible redeclaration of library function 'strdup' [-Wincompatible-library-redeclaration]
char strdup ();
     ^
conftest.c:46:6: note: 'strdup' is a builtin with type 'char *(const char *)'
1 warning generated.
configure:3610: $? = 0
configure:3613: test -z 			 || test ! -s conftest.err
configure:3616: $? = 0
configure:3619: test -s conftest
configure:3622: $? = 0
configure:3634: result: yes
configure:3648: checking for strcasecmp
configure:3705: gcc -o conftest -g -O2   conftest.c  >&5
conftest.c:47:6: warning: incompatible redeclaration of library function 'strcasecmp' [-Wincompatible-library-redeclaration]
char strcasecmp ();
     ^
conftest.c:47:6: note: 'strcasecmp' is a builtin with type 'int (const char *, const char *)'
1 warning generated.
configure:3711: $? = 0
configure:3714: test -z 			 || test ! -s conftest.err
configure:3717: $? = 0
configure:3720: test -s conftest
configure:3723: $? = 0
configure:3735: result: yes
configure:3749: checking for stricmp
configure:3806: gcc -o conftest -g -O2   conftest.c  >&5
Undefined symbols for architecture x86_64:
  "_stricmp", referenced from:
      _main in conftest-QpKiyx.o
      _f in conftest-QpKiyx.o
ld: symbol(s) not found for architecture x86_64
clang: error: linker command failed with exit code 1 (use -v to see invocation)
configure:3812: $? = 1
configure: failed program was:
| /* confdefs.h.  */
| 
| #define PACKAGE_NAME ""
| #define PACKAGE_TARNAME ""
| #define PACKAGE_VERSION ""
| #define PACKAGE_STRING ""
| #define PACKAGE_BUGREPORT ""
| #define PACKAGE "id3tool"
| #define VERSION "1.2a"
| #define STDC_HEADERS 1
| #define HAVE_SYS_TYPES_H 1
| #define HAVE_SYS_STAT_H 1
| #define HAVE_STDLIB_H 1
| #define HAVE_STRING_H 1
| #define HAVE_MEMORY_H 1
| #define HAVE_STRINGS_H 1
| #define HAVE_INTTYPES_H 1
| #define HAVE_STDINT_H 1
| #define HAVE_UNISTD_H 1
| #define HAVE_UNISTD_H 1
| #define HAVE_STRDUP 1
| #define HAVE_STRCASECMP 1
| /* end confdefs.h.  */
| /* Define stricmp to an innocuous variant, in case <limits.h> declares stricmp.
|    For example, HP-UX 11i <limits.h> declares gettimeofday.  */
| #define stricmp innocuous_stricmp
| 
| /* System header to define __stub macros and hopefully few prototypes,
|     which can conflict with char stricmp (); below.
|     Prefer <limits.h> to <assert.h> if __STDC__ is defined, since
|     <limits.h> exists even on freestanding compilers.  */
| 
| #ifdef __STDC__
| # include <limits.h>
| #else
| # include <assert.h>
| #endif
| 
| #undef stricmp
| 
| /* Override any gcc2 internal prototype to avoid an error.  */
| #ifdef __cplusplus
| extern "C"
| {
| #endif
| /* We use char because int might match the return type of a gcc2
|    builtin and then its argument prototype would still apply.  */
| char stricmp ();
| /* The GNU C library defines this for functions which it implements
|     to always fail with ENOSYS.  Some functions are actually named
|     something starting with __ and the normal name is an alias.  */
| #if defined (__stub_stricmp) || defined (__stub___stricmp)
| choke me
| #else
| char (*f) () = stricmp;
| #endif
| #ifdef __cplusplus
| }
| #endif
| 
| int
| main ()
| {
| return f != stricmp;
|   ;
|   return 0;
| }
configure:3836: result: no
configure:3850: checking for getopt_long
configure:3907: gcc -o conftest -g -O2   conftest.c  >&5
configure:3913: $? = 0
configure:3916: test -z 			 || test ! -s conftest.err
configure:3919: $? = 0
configure:3922: test -s conftest
configure:3925: $? = 0
configure:3937: result: yes
configure:4058: creating ./config.status

## ---------------------- ##
## Running config.status. ##
## ---------------------- ##

This file was extended by config.status, which was
generated by GNU Autoconf 2.59.  Invocation command line was

  CONFIG_FILES    = 
  CONFIG_HEADERS  = 
  CONFIG_LINKS    = 
  CONFIG_COMMANDS = 
  $ ./config.status 

on snoopdogmatoiMac.local

config.status:726: creating Makefile
config.status:792: creating config.h
config.status:1084: executing depfiles commands

## ---------------- ##
## Cache variables. ##
## ---------------- ##

ac_cv_c_compiler_gnu=yes
ac_cv_env_CC_set=
ac_cv_env_CC_value=
ac_cv_env_CFLAGS_set=
ac_cv_env_CFLAGS_value=
ac_cv_env_CPPFLAGS_set=
ac_cv_env_CPPFLAGS_value=
ac_cv_env_CPP_set=
ac_cv_env_CPP_value=
ac_cv_env_LDFLAGS_set=
ac_cv_env_LDFLAGS_value=
ac_cv_env_build_alias_set=
ac_cv_env_build_alias_value=
ac_cv_env_host_alias_set=
ac_cv_env_host_alias_value=
ac_cv_env_target_alias_set=
ac_cv_env_target_alias_value=
ac_cv_exeext=
ac_cv_func_getopt_long=yes
ac_cv_func_strcasecmp=yes
ac_cv_func_strdup=yes
ac_cv_func_stricmp=no
ac_cv_header_inttypes_h=yes
ac_cv_header_memory_h=yes
ac_cv_header_stdc=yes
ac_cv_header_stdint_h=yes
ac_cv_header_stdlib_h=yes
ac_cv_header_string_h=yes
ac_cv_header_strings_h=yes
ac_cv_header_sys_stat_h=yes
ac_cv_header_sys_types_h=yes
ac_cv_header_unistd_h=yes
ac_cv_objext=o
ac_cv_path_install='/usr/bin/install -c'
ac_cv_prog_AWK=awk
ac_cv_prog_CPP='gcc -E'
ac_cv_prog_ac_ct_CC=gcc
ac_cv_prog_cc_g=yes
ac_cv_prog_cc_stdc=
ac_cv_prog_egrep='grep -E'
ac_cv_prog_make_make_set=yes
am_cv_CC_dependencies_compiler_type=gcc3

## ----------------- ##
## Output variables. ##
## ----------------- ##

ACLOCAL='aclocal-1.8'
AMDEPBACKSLASH='\'
AMDEP_FALSE='#'
AMDEP_TRUE=''
AMTAR='tar'
AUTOCONF='autoconf'
AUTOHEADER='autoheader'
AUTOMAKE='automake-1.8'
AWK='awk'
CC='gcc'
CCDEPMODE='depmode=gcc3'
CFLAGS='-g -O2'
CPP='gcc -E'
CPPFLAGS=''
CYGPATH_W='echo'
DEFS='-DHAVE_CONFIG_H'
DEPDIR='.deps'
ECHO_C='ECHO_N=''
ECHO_T=''
EGREP='grep -E'
EXEEXT=''
INSTALL_DATA='${INSTALL} -m 644'
INSTALL_PROGRAM='${INSTALL}'
INSTALL_SCRIPT='${INSTALL}'
INSTALL_STRIP_PROGRAM='${SHELL} $(install_sh) -c -s'
LDFLAGS=''
LIBOBJS=''
LIBS=''
LTLIBOBJS=''
MAKEINFO='makeinfo'
OBJEXT='o'
PACKAGE='id3tool'
PACKAGE_BUGREPORT=''
PACKAGE_NAME=''
PACKAGE_STRING=''
PACKAGE_TARNAME=''
PACKAGE_VERSION=''
PATH_SEPARATOR=':'
SET_MAKE=''
SHELL='/bin/sh'
STRIP=''
VERSION='1.2a'
ac_ct_CC='gcc'
ac_ct_STRIP=''
am__fastdepCC_FALSE='#'
am__fastdepCC_TRUE=''
am__include='include'
am__leading_dot='.'
am__quote=''
bindir='${exec_prefix}/bin'
build_alias=''
datadir='${prefix}/share'
exec_prefix='${prefix}'
host_alias=''
includedir='${prefix}/include'
infodir='${prefix}/info'
install_sh='/Users/snoopdog/works/shell/musictag/id3tool/install-sh'
libdir='${exec_prefix}/lib'
libexecdir='${exec_prefix}/libexec'
localstatedir='${prefix}/var'
mandir='${prefix}/man'
mkdir_p='$(mkinstalldirs)'
oldincludedir='/usr/include'
prefix='/usr/local'
program_transform_name='s,x,x,'
sbindir='${exec_prefix}/sbin'
sharedstatedir='${prefix}/com'
sysconfdir='${prefix}/etc'
target_alias=''

## ----------- ##
## confdefs.h. ##
## ----------- ##

#define HAVE_GETOPT_LONG 1
#define HAVE_INTTYPES_H 1
#define HAVE_MEMORY_H 1
#define HAVE_STDINT_H 1
#define HAVE_STDLIB_H 1
#define HAVE_STRCASECMP 1
#define HAVE_STRDUP 1
#define HAVE_STRINGS_H 1
#define HAVE_STRING_H 1
#define HAVE_SYS_STAT_H 1
#define HAVE_SYS_TYPES_H 1
#define HAVE_UNISTD_H 1
#define HAVE_UNISTD_H 1
#define PACKAGE "id3tool"
#define PACKAGE_BUGREPORT ""
#define PACKAGE_NAME ""
#define PACKAGE_STRING ""
#define PACKAGE_TARNAME ""
#define PACKAGE_VERSION ""
#define STDC_HEADERS 1
#define VERSION "1.2a"

configure: exit 0
